2025-03-12 22:37:33,459 - INFO - Readiness message sent.
2025-03-12 22:37:33,460 - INFO - 🚀 Starting Slack bot on port 5000...
2025-03-12 22:37:33,499 - INFO - [31m[1mWARNING: This is a development server. Do not use it in a production deployment. Use a production WSGI server instead.[0m
 * Running on all addresses (0.0.0.0)
 * Running on http://127.0.0.1:5000
 * Running on http://172.18.35.168:5000
2025-03-12 22:37:33,499 - INFO - [33mPress CTRL+C to quit[0m
2025-03-12 22:37:34,769 - INFO - 🔍 Raw Slack Event: {'token': 'eCT6PG8lqFymEY2nsgtqKN8t', 'team_id': 'T08EJRHB3NX', 'context_team_id': 'T08EJRHB3NX', 'context_enterprise_id': None, 'api_app_id': 'A08ECA94DP0', 'event': {'user': 'U08EK5QRPMH', 'type': 'message', 'ts': '1741799254.258619', 'bot_id': 'B08EK5QRH51', 'app_id': 'A08ECA94DP0', 'text': ':white_check_mark: K8s Slack Bot is online!', 'team': 'T08EJRHB3NX', 'bot_profile': {'id': 'B08EK5QRH51', 'deleted': False, 'name': 'k8s-slack', 'updated': 1740225229, 'app_id': 'A08ECA94DP0', 'icons': {'image_36': 'https://a.slack-edge.com/80588/img/plugins/app/bot_36.png', 'image_48': 'https://a.slack-edge.com/80588/img/plugins/app/bot_48.png', 'image_72': 'https://a.slack-edge.com/80588/img/plugins/app/service_72.png'}, 'team_id': 'T08EJRHB3NX'}, 'blocks': [{'type': 'rich_text', 'block_id': 'eMleu', 'elements': [{'type': 'rich_text_section', 'elements': [{'type': 'emoji', 'name': 'white_check_mark', 'unicode': '2705'}, {'type': 'text', 'text': ' K8s Slack Bot is online!'}]}]}], 'channel': 'C08EKASNJ66', 'event_ts': '1741799254.258619', 'channel_type': 'channel'}, 'type': 'event_callback', 'event_id': 'Ev08J2SQGR16', 'event_time': 1741799254, 'authorizations': [{'enterprise_id': None, 'team_id': 'T08EJRHB3NX', 'user_id': 'U08EK5QRPMH', 'is_bot': True, 'is_enterprise_install': False}], 'is_ext_shared_channel': False, 'event_context': '4-eyJldCI6Im1lc3NhZ2UiLCJ0aWQiOiJUMDhFSlJIQjNOWCIsImFpZCI6IkEwOEVDQTk0RFAwIiwiY2lkIjoiQzA4RUtBU05KNjYifQ'}
2025-03-12 22:37:34,770 - INFO - 📩 Received message from User: U08EK5QRPMH, Channel: C08EKASNJ66, Text: :white_check_mark: K8s Slack Bot is online!
2025-03-12 22:37:34,770 - INFO - 🤖 Ignoring bot message.
2025-03-12 22:37:34,771 - INFO - 127.0.0.1 - - [12/Mar/2025 22:37:34] "POST /slack/events HTTP/1.1" 200 -
2025-03-12 22:39:58,969 - INFO - 🔍 Raw Slack Event: {'token': 'eCT6PG8lqFymEY2nsgtqKN8t', 'team_id': 'T08EJRHB3NX', 'context_team_id': 'T08EJRHB3NX', 'context_enterprise_id': None, 'api_app_id': 'A08ECA94DP0', 'event': {'user': 'U08EKASN2GJ', 'type': 'message', 'ts': '1741799398.593419', 'client_msg_id': 'b23b3d37-5beb-4d22-8b9d-1df0caef94d8', 'text': 'Delete the green namespace', 'team': 'T08EJRHB3NX', 'blocks': [{'type': 'rich_text', 'block_id': 'tpBLi', 'elements': [{'type': 'rich_text_section', 'elements': [{'type': 'text', 'text': 'Delete the green namespace'}]}]}], 'channel': 'C08EKASNJ66', 'event_ts': '1741799398.593419', 'channel_type': 'channel'}, 'type': 'event_callback', 'event_id': 'Ev08GZFPMM9D', 'event_time': 1741799398, 'authorizations': [{'enterprise_id': None, 'team_id': 'T08EJRHB3NX', 'user_id': 'U08EK5QRPMH', 'is_bot': True, 'is_enterprise_install': False}], 'is_ext_shared_channel': False, 'event_context': '4-eyJldCI6Im1lc3NhZ2UiLCJ0aWQiOiJUMDhFSlJIQjNOWCIsImFpZCI6IkEwOEVDQTk0RFAwIiwiY2lkIjoiQzA4RUtBU05KNjYifQ'}
2025-03-12 22:39:58,970 - INFO - 📩 Received message from User: U08EKASN2GJ, Channel: C08EKASNJ66, Text: Delete the green namespace
2025-03-12 22:39:58,971 - INFO - Sending processing acknowledgment to user
2025-03-12 22:39:59,812 - INFO - Processing message sent to C08EKASNJ66: :hourglass_flowing_sand: Processing your message: 'Delete the green namespace'
2025-03-12 22:39:59,813 - INFO - 🤖 Processing user intent: Delete the green namespace
2025-03-12 22:39:59,813 - INFO - Processing Message: Delete the green namespace
2025-03-12 22:39:59,814 - INFO - Generating Chain-of-Thought for instruction: Delete the green namespace
2025-03-12 22:40:00,766 - INFO - 🔍 Raw Slack Event: {'token': 'eCT6PG8lqFymEY2nsgtqKN8t', 'team_id': 'T08EJRHB3NX', 'context_team_id': 'T08EJRHB3NX', 'context_enterprise_id': None, 'api_app_id': 'A08ECA94DP0', 'event': {'user': 'U08EK5QRPMH', 'type': 'message', 'ts': '1741799400.572429', 'bot_id': 'B08EK5QRH51', 'app_id': 'A08ECA94DP0', 'text': ":hourglass_flowing_sand: Processing your message: 'Delete the green namespace'", 'team': 'T08EJRHB3NX', 'bot_profile': {'id': 'B08EK5QRH51', 'deleted': False, 'name': 'k8s-slack', 'updated': 1740225229, 'app_id': 'A08ECA94DP0', 'icons': {'image_36': 'https://a.slack-edge.com/80588/img/plugins/app/bot_36.png', 'image_48': 'https://a.slack-edge.com/80588/img/plugins/app/bot_48.png', 'image_72': 'https://a.slack-edge.com/80588/img/plugins/app/service_72.png'}, 'team_id': 'T08EJRHB3NX'}, 'blocks': [{'type': 'rich_text', 'block_id': '6SiW', 'elements': [{'type': 'rich_text_section', 'elements': [{'type': 'emoji', 'name': 'hourglass_flowing_sand', 'unicode': '23f3'}, {'type': 'text', 'text': " Processing your message: 'Delete the green namespace'"}]}]}], 'channel': 'C08EKASNJ66', 'event_ts': '1741799400.572429', 'channel_type': 'channel'}, 'type': 'event_callback', 'event_id': 'Ev08HD3EN8GM', 'event_time': 1741799400, 'authorizations': [{'enterprise_id': None, 'team_id': 'T08EJRHB3NX', 'user_id': 'U08EK5QRPMH', 'is_bot': True, 'is_enterprise_install': False}], 'is_ext_shared_channel': False, 'event_context': '4-eyJldCI6Im1lc3NhZ2UiLCJ0aWQiOiJUMDhFSlJIQjNOWCIsImFpZCI6IkEwOEVDQTk0RFAwIiwiY2lkIjoiQzA4RUtBU05KNjYifQ'}
2025-03-12 22:40:00,767 - INFO - 📩 Received message from User: U08EK5QRPMH, Channel: C08EKASNJ66, Text: :hourglass_flowing_sand: Processing your message: 'Delete the green namespace'
2025-03-12 22:40:00,767 - INFO - 🤖 Ignoring bot message.
2025-03-12 22:40:00,767 - INFO - 127.0.0.1 - - [12/Mar/2025 22:40:00] "POST /slack/events HTTP/1.1" 200 -
2025-03-12 22:40:02,287 - INFO - 🔁 Skipping duplicate event: Ev08GZFPMM9D
2025-03-12 22:40:02,287 - INFO - 127.0.0.1 - - [12/Mar/2025 22:40:02] "POST /slack/events HTTP/1.1" 200 -
2025-03-12 22:41:12,196 - INFO - 🔍 Raw Slack Event: {'token': 'eCT6PG8lqFymEY2nsgtqKN8t', 'team_id': 'T08EJRHB3NX', 'context_team_id': 'T08EJRHB3NX', 'context_enterprise_id': None, 'api_app_id': 'A08ECA94DP0', 'event': {'user': 'U08EK5QRPMH', 'type': 'message', 'ts': '1741799109.211059', 'bot_id': 'B08EK5QRH51', 'app_id': 'A08ECA94DP0', 'text': ':x: K8s Slack Bot is shutting down.', 'team': 'T08EJRHB3NX', 'bot_profile': {'id': 'B08EK5QRH51', 'deleted': False, 'name': 'k8s-slack', 'updated': 1740225229, 'app_id': 'A08ECA94DP0', 'icons': {'image_36': 'https://a.slack-edge.com/80588/img/plugins/app/bot_36.png', 'image_48': 'https://a.slack-edge.com/80588/img/plugins/app/bot_48.png', 'image_72': 'https://a.slack-edge.com/80588/img/plugins/app/service_72.png'}, 'team_id': 'T08EJRHB3NX'}, 'blocks': [{'type': 'rich_text', 'block_id': '6vxQ', 'elements': [{'type': 'rich_text_section', 'elements': [{'type': 'emoji', 'name': 'x', 'unicode': '274c'}, {'type': 'text', 'text': ' K8s Slack Bot is shutting down.'}]}]}], 'channel': 'C08EKASNJ66', 'event_ts': '1741799109.211059', 'channel_type': 'channel'}, 'type': 'event_callback', 'event_id': 'Ev08HF9B1EG2', 'event_time': 1741799109, 'authorizations': [{'enterprise_id': None, 'team_id': 'T08EJRHB3NX', 'user_id': 'U08EK5QRPMH', 'is_bot': True, 'is_enterprise_install': False}], 'is_ext_shared_channel': False, 'event_context': '4-eyJldCI6Im1lc3NhZ2UiLCJ0aWQiOiJUMDhFSlJIQjNOWCIsImFpZCI6IkEwOEVDQTk0RFAwIiwiY2lkIjoiQzA4RUtBU05KNjYifQ'}
2025-03-12 22:41:12,197 - INFO - 📩 Received message from User: U08EK5QRPMH, Channel: C08EKASNJ66, Text: :x: K8s Slack Bot is shutting down.
2025-03-12 22:41:12,197 - INFO - 🤖 Ignoring bot message.
2025-03-12 22:41:12,198 - INFO - 127.0.0.1 - - [12/Mar/2025 22:41:12] "POST /slack/events HTTP/1.1" 200 -
2025-03-12 22:41:35,847 - INFO - Generated CoT: system
Provide a detailed chain-of-thought reasoning for the following task.
user
Delete the green namespace
assistant
To delete the green namespace, I will follow these steps:
1. Identify the green namespace:
   - First, I need to locate the green namespace in the system. This can be done by running the command "kubectl get namespaces" to list all namespaces.
   - Once identified, note down the name of the green namespace.
2. Delete the green namespace:
   - Use the command "kubectl delete namespace <green-namespace-name>" to delete the green namespace.
   - Replace <green-namespace-name> with the actual name of the green namespace.
3. Verify the deletion:
   - Run the command "kubectl get namespaces" again to confirm that the green namespace has been deleted.
   - If the green namespace is no longer listed,
2025-03-12 22:41:35,848 - INFO - Chain-of-Thought generated: system
Provide a detailed chain-of-thought reasoning for the following task.
user
Delete the green namespace
assistant
To delete the green namespace, I will follow these steps:
1. Identify the green namespace:
   - First, I need to locate the green namespace in the system. This can be done by running the command "kubectl get namespaces" to list all namespaces.
   - Once identified, note down the name of the green namespace.
2. Delete the green namespace:
   - Use the command "kubectl delete namespace <green-namespace-name>" to delete the green namespace.
   - Replace <green-namespace-name> with the actual name of the green namespace.
3. Verify the deletion:
   - Run the command "kubectl get namespaces" again to confirm that the green namespace has been deleted.
   - If the green namespace is no longer listed,
2025-03-12 22:41:35,848 - INFO - Generating kubectl commands from CoT.
2025-03-12 22:41:44,926 - INFO - Extracted Commands: ['kubectl delete namespace green']
2025-03-12 22:41:44,927 - INFO - Initial Commands extracted: ['kubectl delete namespace green']
2025-03-12 22:41:44,967 - INFO - OPA decision for command 'kubectl delete namespace green': {'allow': True, 'deny': ['Delete commands are not allowed in this cluster.']} | Reason: Delete commands are not allowed in this cluster.
2025-03-12 22:41:44,968 - INFO - Command rejected by OPA: kubectl delete namespace green | Reason: Delete commands are not allowed in this cluster.
2025-03-12 22:41:45,689 - INFO - 127.0.0.1 - - [12/Mar/2025 22:41:45] "POST /slack/events HTTP/1.1" 200 -
2025-03-12 22:41:46,996 - INFO - 🔍 Raw Slack Event: {'token': 'eCT6PG8lqFymEY2nsgtqKN8t', 'team_id': 'T08EJRHB3NX', 'context_team_id': 'T08EJRHB3NX', 'context_enterprise_id': None, 'api_app_id': 'A08ECA94DP0', 'event': {'user': 'U08EK5QRPMH', 'type': 'message', 'ts': '1741799506.486989', 'bot_id': 'B08EK5QRH51', 'app_id': 'A08ECA94DP0', 'text': ':x: Generated commands violate policy constraints:\n- kubectl delete namespace green: Delete commands are not allowed in this cluster.\n', 'team': 'T08EJRHB3NX', 'bot_profile': {'id': 'B08EK5QRH51', 'deleted': False, 'name': 'k8s-slack', 'updated': 1740225229, 'app_id': 'A08ECA94DP0', 'icons': {'image_36': 'https://a.slack-edge.com/80588/img/plugins/app/bot_36.png', 'image_48': 'https://a.slack-edge.com/80588/img/plugins/app/bot_48.png', 'image_72': 'https://a.slack-edge.com/80588/img/plugins/app/service_72.png'}, 'team_id': 'T08EJRHB3NX'}, 'blocks': [{'type': 'rich_text', 'block_id': 'xSU1', 'elements': [{'type': 'rich_text_section', 'elements': [{'type': 'emoji', 'name': 'x', 'unicode': '274c'}, {'type': 'text', 'text': ' Generated commands violate policy constraints:\n- kubectl delete namespace green: Delete commands are not allowed in this cluster.'}]}]}], 'channel': 'C08EKASNJ66', 'event_ts': '1741799506.486989', 'channel_type': 'channel'}, 'type': 'event_callback', 'event_id': 'Ev08H804PE94', 'event_time': 1741799506, 'authorizations': [{'enterprise_id': None, 'team_id': 'T08EJRHB3NX', 'user_id': 'U08EK5QRPMH', 'is_bot': True, 'is_enterprise_install': False}], 'is_ext_shared_channel': False, 'event_context': '4-eyJldCI6Im1lc3NhZ2UiLCJ0aWQiOiJUMDhFSlJIQjNOWCIsImFpZCI6IkEwOEVDQTk0RFAwIiwiY2lkIjoiQzA4RUtBU05KNjYifQ'}
2025-03-12 22:41:46,996 - INFO - 📩 Received message from User: U08EK5QRPMH, Channel: C08EKASNJ66, Text: :x: Generated commands violate policy constraints:
- kubectl delete namespace green: Delete commands are not allowed in this cluster.

2025-03-12 22:41:46,997 - INFO - 🤖 Ignoring bot message.
2025-03-12 22:41:46,997 - INFO - 127.0.0.1 - - [12/Mar/2025 22:41:46] "POST /slack/events HTTP/1.1" 200 -
2025-03-12 22:42:09,077 - INFO - 🔍 Raw Slack Event: {'token': 'eCT6PG8lqFymEY2nsgtqKN8t', 'team_id': 'T08EJRHB3NX', 'context_team_id': 'T08EJRHB3NX', 'context_enterprise_id': None, 'api_app_id': 'A08ECA94DP0', 'event': {'user': 'U08EKASN2GJ', 'type': 'message', 'ts': '1741799528.929749', 'client_msg_id': '7de1ad15-c4a6-483c-b70f-3d3abbebf705', 'text': "investigate what this webapp pod is and deleted it if it isn't associated with any other service", 'team': 'T08EJRHB3NX', 'blocks': [{'type': 'rich_text', 'block_id': 'q3OBm', 'elements': [{'type': 'rich_text_section', 'elements': [{'type': 'text', 'text': "investigate what this webapp pod is and deleted it if it isn't associated with any other service"}]}]}], 'channel': 'C08EKASNJ66', 'event_ts': '1741799528.929749', 'channel_type': 'channel'}, 'type': 'event_callback', 'event_id': 'Ev08HFALCE3U', 'event_time': 1741799528, 'authorizations': [{'enterprise_id': None, 'team_id': 'T08EJRHB3NX', 'user_id': 'U08EK5QRPMH', 'is_bot': True, 'is_enterprise_install': False}], 'is_ext_shared_channel': False, 'event_context': '4-eyJldCI6Im1lc3NhZ2UiLCJ0aWQiOiJUMDhFSlJIQjNOWCIsImFpZCI6IkEwOEVDQTk0RFAwIiwiY2lkIjoiQzA4RUtBU05KNjYifQ'}
2025-03-12 22:42:09,077 - INFO - 📩 Received message from User: U08EKASN2GJ, Channel: C08EKASNJ66, Text: investigate what this webapp pod is and deleted it if it isn't associated with any other service
2025-03-12 22:42:09,078 - INFO - Sending processing acknowledgment to user
2025-03-12 22:42:09,616 - INFO - Processing message sent to C08EKASNJ66: :hourglass_flowing_sand: Processing your message: 'investigate what this webapp pod is and deleted it if it isn't associated with any other service'
2025-03-12 22:42:09,616 - INFO - 🤖 Processing user intent: investigate what this webapp pod is and deleted it if it isn't associated with any other service
2025-03-12 22:42:09,617 - INFO - Processing Message: investigate what this webapp pod is and deleted it if it isn't associated with any other service
2025-03-12 22:42:09,617 - INFO - Generating Chain-of-Thought for instruction: investigate what this webapp pod is and deleted it if it isn't associated with any other service
2025-03-12 22:42:10,436 - INFO - 🔍 Raw Slack Event: {'token': 'eCT6PG8lqFymEY2nsgtqKN8t', 'team_id': 'T08EJRHB3NX', 'context_team_id': 'T08EJRHB3NX', 'context_enterprise_id': None, 'api_app_id': 'A08ECA94DP0', 'event': {'user': 'U08EK5QRPMH', 'type': 'message', 'ts': '1741799530.411319', 'bot_id': 'B08EK5QRH51', 'app_id': 'A08ECA94DP0', 'text': ":hourglass_flowing_sand: Processing your message: 'investigate what this webapp pod is and deleted it if it isn't associated with any other service'", 'team': 'T08EJRHB3NX', 'bot_profile': {'id': 'B08EK5QRH51', 'deleted': False, 'name': 'k8s-slack', 'updated': 1740225229, 'app_id': 'A08ECA94DP0', 'icons': {'image_36': 'https://a.slack-edge.com/80588/img/plugins/app/bot_36.png', 'image_48': 'https://a.slack-edge.com/80588/img/plugins/app/bot_48.png', 'image_72': 'https://a.slack-edge.com/80588/img/plugins/app/service_72.png'}, 'team_id': 'T08EJRHB3NX'}, 'blocks': [{'type': 'rich_text', 'block_id': 'RtiT', 'elements': [{'type': 'rich_text_section', 'elements': [{'type': 'emoji', 'name': 'hourglass_flowing_sand', 'unicode': '23f3'}, {'type': 'text', 'text': " Processing your message: 'investigate what this webapp pod is and deleted it if it isn't associated with any other service'"}]}]}], 'channel': 'C08EKASNJ66', 'event_ts': '1741799530.411319', 'channel_type': 'channel'}, 'type': 'event_callback', 'event_id': 'Ev08J2TJHABS', 'event_time': 1741799530, 'authorizations': [{'enterprise_id': None, 'team_id': 'T08EJRHB3NX', 'user_id': 'U08EK5QRPMH', 'is_bot': True, 'is_enterprise_install': False}], 'is_ext_shared_channel': False, 'event_context': '4-eyJldCI6Im1lc3NhZ2UiLCJ0aWQiOiJUMDhFSlJIQjNOWCIsImFpZCI6IkEwOEVDQTk0RFAwIiwiY2lkIjoiQzA4RUtBU05KNjYifQ'}
2025-03-12 22:42:10,436 - INFO - 📩 Received message from User: U08EK5QRPMH, Channel: C08EKASNJ66, Text: :hourglass_flowing_sand: Processing your message: 'investigate what this webapp pod is and deleted it if it isn't associated with any other service'
2025-03-12 22:42:10,437 - INFO - 🤖 Ignoring bot message.
2025-03-12 22:42:10,437 - INFO - 127.0.0.1 - - [12/Mar/2025 22:42:10] "POST /slack/events HTTP/1.1" 200 -
2025-03-12 22:42:12,137 - INFO - 🔁 Skipping duplicate event: Ev08HFALCE3U
2025-03-12 22:42:12,137 - INFO - 127.0.0.1 - - [12/Mar/2025 22:42:12] "POST /slack/events HTTP/1.1" 200 -
2025-03-12 22:43:21,240 - INFO - Generated CoT: system
Provide a detailed chain-of-thought reasoning for the following task.
user
investigate what this webapp pod is and deleted it if it isn't associated with any other service
assistant
To investigate and potentially delete a webapp pod that isn't associated with any other service, follow these steps:
1. Identify the pod:
   - Use 'kubectl get pods' to list all pods in the cluster.
   - Look for the pod in question by its name or label.
2. Check if the pod is associated with a service:
   - Run 'kubectl describe pod <pod-name>' to get detailed information about the pod.
   - Look for the 'Events' section to see if there are any service-related events.
   - Check the 'Owner References' section to see if the pod is owned by a service.
3. If the pod is not associated with a service:
   - Verify that the pod is not part of
2025-03-12 22:43:21,241 - INFO - Chain-of-Thought generated: system
Provide a detailed chain-of-thought reasoning for the following task.
user
investigate what this webapp pod is and deleted it if it isn't associated with any other service
assistant
To investigate and potentially delete a webapp pod that isn't associated with any other service, follow these steps:
1. Identify the pod:
   - Use 'kubectl get pods' to list all pods in the cluster.
   - Look for the pod in question by its name or label.
2. Check if the pod is associated with a service:
   - Run 'kubectl describe pod <pod-name>' to get detailed information about the pod.
   - Look for the 'Events' section to see if there are any service-related events.
   - Check the 'Owner References' section to see if the pod is owned by a service.
3. If the pod is not associated with a service:
   - Verify that the pod is not part of
2025-03-12 22:43:21,241 - INFO - Generating kubectl commands from CoT.
2025-03-12 22:43:55,531 - INFO - Extracted Commands: ['kubectl get pods --all-namespaces', 'kubectl describe pod <pod-name> --namespace=<namespace>', 'kubectl delete pod <pod-name> --namespace=<namespace>']
2025-03-12 22:43:55,531 - INFO - Initial Commands extracted: ['kubectl get pods --all-namespaces', 'kubectl describe pod <pod-name> --namespace=<namespace>', 'kubectl delete pod <pod-name> --namespace=<namespace>']
2025-03-12 22:43:55,537 - INFO - OPA decision for command 'kubectl get pods --all-namespaces': {'allow': True, 'deny': []} | Reason: 
2025-03-12 22:43:55,541 - INFO - OPA decision for command 'kubectl describe pod <pod-name> --namespace=<namespace>': {'allow': True, 'deny': []} | Reason: 
2025-03-12 22:43:55,544 - INFO - OPA decision for command 'kubectl delete pod <pod-name> --namespace=<namespace>': {'allow': True, 'deny': ['Delete commands are not allowed in this cluster.']} | Reason: Delete commands are not allowed in this cluster.
2025-03-12 22:43:55,545 - INFO - Command rejected by OPA: kubectl delete pod <pod-name> --namespace=<namespace> | Reason: Delete commands are not allowed in this cluster.
2025-03-12 22:44:15,878 - INFO - Initial execution output: Command: kubectl get pods --all-namespaces
Output: NAMESPACE     NAME                               READY   STATUS    RESTARTS        AGE
default       hello-world                        1/1     Running   5 (3h3m ago)    2d10h
default       hello-world-64b76dd475-rdq7n       1/1     Running   6 (3h3m ago)    3d11h
default       nginx-5d7d4d4c79-6zgm6             1/1     Running   9 (3h3m ago)    7d
default       nginx-5d7d4d4c79-fq6bk             1/1     Running   9 (3h3m ago)    7d
default       nginx-5d7d4d4c79-ncsw5             1/1     Running   9 (3h3m ago)    7d
default       web-app-6964d6c6c9-2snh2           1/1     Running   3 (3h3m ago)    24h
default       web-app-6964d6c6c9-dftbh           1/1     Running   3 (3h3m ago)    24h
default       webapp                             1/1     Running   10 (3h3m ago)   9d
kube-system   coredns-668d6bf9bc-k584p           1/1     Running   16 (3h3m ago)   16d
kube-system   coredns-668d6bf9bc-xlnp4           1/1     Running   16 (3h3m ago)   16d
kube-system   etcd-minikube                      1/1     Running   16 (3h3m ago)   16d
kube-system   kube-apiserver-minikube            1/1     Running   16 (3h3m ago)   16d
kube-system   kube-controller-manager-minikube   1/1     Running   16 (3h3m ago)   16d
kube-system   kube-proxy-bhlb6                   1/1     Running   16 (3h3m ago)   16d
kube-system   kube-scheduler-minikube            1/1     Running   16 (3h3m ago)   16d
kube-system   storage-provisioner                1/1     Running   30              16d

Command: kubectl describe pod <pod-name> --namespace=<namespace>
Output: STDOUT: 
STDERR: /bin/sh: 1: Syntax error: end of file unexpected
2025-03-12 22:44:15,879 - INFO - Detected error: STDERR: /bin/sh: 1: Syntax error: end of file unexpected
2025-03-12 22:44:15,879 - INFO - Refining commands with error feedback...
2025-03-12 22:44:36,137 - INFO - Refined commands output: system
You are a Kubernetes command generator. You produce refined kubectl commands based on errors encountered. Think step by step.
assistant
Original Intent: investigate what this webapp pod is and deleted it if it isn't associated with any other service

Previously tried commands: ['kubectl get pods --all-namespaces', 'kubectl describe pod <pod-name> --namespace=<namespace>', 'kubectl delete pod <pod-name> --namespace=<namespace>']

Error encountered: STDERR: /bin/sh: 1: Syntax error: end of file unexpected

Now refine your chain-of-thought and generate corrected kubectl commands. Output only the commands.
assistant
kubectl get pods --all-namespaces; kubectl describe pod <pod-name> --namespace=<namespace>; kubectl delete pod <pod-name> --namespace=<namespace>
2025-03-12 22:44:36,137 - INFO - Refined Commands: ['kubectl get pods --all-namespaces; kubectl describe pod <pod-name> --namespace=<namespace>; kubectl delete pod <pod-name> --namespace=<namespace>']
2025-03-12 22:44:36,137 - INFO - Refined Commands: ['kubectl get pods --all-namespaces; kubectl describe pod <pod-name> --namespace=<namespace>; kubectl delete pod <pod-name> --namespace=<namespace>']
2025-03-12 22:44:46,164 - INFO - Refined execution output: Command: kubectl get pods --all-namespaces; kubectl describe pod <pod-name> --namespace=<namespace>; kubectl delete pod <pod-name> --namespace=<namespace>
Output: STDOUT: 
STDERR: /bin/sh: 1: Syntax error: ";" unexpected
2025-03-12 22:44:46,743 - INFO - 127.0.0.1 - - [12/Mar/2025 22:44:46] "POST /slack/events HTTP/1.1" 200 -
2025-03-12 22:44:48,695 - INFO - 🔍 Raw Slack Event: {'token': 'eCT6PG8lqFymEY2nsgtqKN8t', 'team_id': 'T08EJRHB3NX', 'context_team_id': 'T08EJRHB3NX', 'context_enterprise_id': None, 'api_app_id': 'A08ECA94DP0', 'event': {'user': 'U08EK5QRPMH', 'type': 'message', 'ts': '1741799687.540579', 'bot_id': 'B08EK5QRH51', 'app_id': 'A08ECA94DP0', 'text': ':white_check_mark: Refined Execution Results:\nCommand: kubectl get pods --all-namespaces; kubectl describe pod &lt;pod-name&gt; --namespace=&lt;namespace&gt;; kubectl delete pod &lt;pod-name&gt; --namespace=&lt;namespace&gt;\nOutput: STDOUT: \nSTDERR: /bin/sh: 1: Syntax error: ";" unexpected', 'team': 'T08EJRHB3NX', 'bot_profile': {'id': 'B08EK5QRH51', 'deleted': False, 'name': 'k8s-slack', 'updated': 1740225229, 'app_id': 'A08ECA94DP0', 'icons': {'image_36': 'https://a.slack-edge.com/80588/img/plugins/app/bot_36.png', 'image_48': 'https://a.slack-edge.com/80588/img/plugins/app/bot_48.png', 'image_72': 'https://a.slack-edge.com/80588/img/plugins/app/service_72.png'}, 'team_id': 'T08EJRHB3NX'}, 'blocks': [{'type': 'rich_text', 'block_id': 'Qmc', 'elements': [{'type': 'rich_text_section', 'elements': [{'type': 'emoji', 'name': 'white_check_mark', 'unicode': '2705'}, {'type': 'text', 'text': ' Refined Execution Results:\nCommand: kubectl get pods --all-namespaces; kubectl describe pod <pod-name> --namespace=<namespace>; kubectl delete pod <pod-name> --namespace=<namespace>\nOutput: STDOUT: \nSTDERR: /bin/sh: 1: Syntax error: ";" unexpected'}]}]}], 'channel': 'C08EKASNJ66', 'event_ts': '1741799687.540579', 'channel_type': 'channel'}, 'type': 'event_callback', 'event_id': 'Ev08HJGX34KW', 'event_time': 1741799687, 'authorizations': [{'enterprise_id': None, 'team_id': 'T08EJRHB3NX', 'user_id': 'U08EK5QRPMH', 'is_bot': True, 'is_enterprise_install': False}], 'is_ext_shared_channel': False, 'event_context': '4-eyJldCI6Im1lc3NhZ2UiLCJ0aWQiOiJUMDhFSlJIQjNOWCIsImFpZCI6IkEwOEVDQTk0RFAwIiwiY2lkIjoiQzA4RUtBU05KNjYifQ'}
2025-03-12 22:44:48,695 - INFO - 📩 Received message from User: U08EK5QRPMH, Channel: C08EKASNJ66, Text: :white_check_mark: Refined Execution Results:
Command: kubectl get pods --all-namespaces; kubectl describe pod &lt;pod-name&gt; --namespace=&lt;namespace&gt;; kubectl delete pod &lt;pod-name&gt; --namespace=&lt;namespace&gt;
Output: STDOUT: 
STDERR: /bin/sh: 1: Syntax error: ";" unexpected
2025-03-12 22:44:48,695 - INFO - 🤖 Ignoring bot message.
2025-03-12 22:44:48,696 - INFO - 127.0.0.1 - - [12/Mar/2025 22:44:48] "POST /slack/events HTTP/1.1" 200 -
2025-03-12 22:45:48,198 - INFO - Shutdown message sent.
