[2025-03-14 09:46:41] [SUCCESS] Executed: kubectl get namespaces --output=jsonpath='{.items[?(@.status.phase=="Active")].metadata.name}' --namespace=staging
default green kube-node-lease kube-public kube-system test
--------------------------------------------------
[2025-03-14 09:50:28] [FAILED] Executed: kubectl top pods --namespace=default --sort-by=memory --limit=10
STDOUT: 
STDERR: error: unknown flag: --limit
See 'kubectl top pod --help' for usage.
--------------------------------------------------
[2025-03-14 09:50:49] [SUCCESS] Executed: kubectl top pods --namespace=default --sort-by=memory | head -n 11
Command executed successfully with no output.
--------------------------------------------------
[2025-03-14 10:00:07] [FAILED] Executed: kubectl create deployment webapp --image=nginx --port=80 --dry-run=client -o yaml | kubectl apply -f - --namespace=staging
STDOUT: 
STDERR: Error from server (NotFound): error when creating "STDIN": namespaces "staging" not found
--------------------------------------------------
[2025-03-14 10:03:56] [FAILED] Executed: kubectl create deployment webapp --image=webapp:latest --namespace=staging --dry-run=client -o yaml | kubectl apply -f -
STDOUT: 
STDERR: Error from server (NotFound): error when creating "STDIN": namespaces "staging" not found
--------------------------------------------------
[2025-03-14 10:04:07] [FAILED] Executed: kubectl get pods --namespace=staging -l app=webapp -o jsonpath='{.items[0].status.podIP}'
STDOUT: 
STDERR: error: error executing jsonpath "{.items[0].status.podIP}": Error executing template: array index out of bounds: index 0, length 0. Printing more information for debugging the template:
	template was:
		{.items[0].status.podIP}
	object given to jsonpath engine was:
		map[string]interface {}{"apiVersion":"v1", "items":[]interface {}{}, "kind":"List", "metadata":map[string]interface {}{"resourceVersion":""}}
--------------------------------------------------
[2025-03-14 10:04:17] [SUCCESS] Executed: kubectl port-forward pod/<pod-ip> 8080:80 --namespace=staging &
Command executed successfully with no output.
--------------------------------------------------
[2025-03-14 10:07:52] [SUCCESS] Executed: kubectl create deployment webapp --image=webapp:latest --namespace=staging --dry-run=client -o yaml | kubectl apply -f -
deployment.apps/webapp created
--------------------------------------------------
[2025-03-14 10:08:02] [SUCCESS] Executed: kubectl get pods --namespace=staging -l app=webapp -o jsonpath='{.items[0].status.podIP}'
10.244.0.137
--------------------------------------------------
[2025-03-14 10:08:12] [SUCCESS] Executed: kubectl port-forward pod/<pod-ip> 8080:80 --namespace=staging &
Command executed successfully with no output.
--------------------------------------------------
[2025-03-14 11:12:43] [SUCCESS] Executed: kubectl create namespace staging --dry-run=client -o yaml | kubectl apply -f - --namespace=staging
namespace/staging configured
--------------------------------------------------
[2025-03-14 11:12:54] [FAILED] Executed: kubectl create configmap nginx-config --from-file=nginx.conf --namespace=staging --dry-run=client -o yaml | kubectl apply -f -
STDOUT: 
STDERR: error: error reading nginx.conf: no such file or directory
error: no objects passed to apply
--------------------------------------------------
[2025-03-14 11:13:04] [FAILED] Executed: kubectl create secret generic nginx-secret --from-file --namespace=staging
STDOUT: 
STDERR: error: error reading staging: no such file or directory
--------------------------------------------------
[2025-03-14 11:13:14] [SUCCESS] Executed: kubectl create deployment backend --image=nginx --replicas=3 --namespace=staging --dry-run=client -o yaml | kubectl apply -f -
deployment.apps/backend created
--------------------------------------------------
[2025-03-14 11:14:26] [SUCCESS] Executed: kubectl create namespace staging --dry-run=client -o yaml | kubectl apply -f -
namespace/staging configured
--------------------------------------------------
[2025-03-14 11:14:36] [FAILED] Executed: kubectl create configmap nginx-config --from-file=nginx.conf --namespace=staging --dry-run=client -o yaml | kubectl apply -f -
STDOUT: 
STDERR: error: error reading nginx.conf: no such file or directory
error: no objects passed to apply
--------------------------------------------------
[2025-03-14 11:14:46] [FAILED] Executed: kubectl create secret generic nginx-secret --from-file=secret.txt --namespace=staging --dry-run=client -o yaml | kubectl apply -f -
STDOUT: 
STDERR: error: error reading secret.txt: no such file or directory
error: no objects passed to apply
--------------------------------------------------
[2025-03-14 11:14:57] [SUCCESS] Executed: kubectl create deployment backend --image=nginx --replicas=3 --namespace=staging --dry-run=client -o yaml | kubectl apply -f -
deployment.apps/backend configured
--------------------------------------------------
[2025-03-14 14:20:20] [SUCCESS] Executed: kubectl get services --namespace=staging
Command executed successfully with no output.
--------------------------------------------------
[2025-03-14 14:24:59] [SUCCESS] Executed: kubectl create deployment backend --image=nginx --replicas=3 --namespace=staging --dry-run=client -o yaml | kubectl apply -f -
deployment.apps/backend configured
--------------------------------------------------
[2025-03-14 14:28:21] [SUCCESS] Executed: kubectl create deployment webapp-staging --image=webapp:latest --namespace=staging;
deployment.apps/webapp-staging created
--------------------------------------------------
[2025-03-14 14:28:31] [SUCCESS] Executed: kubectl expose deployment webapp-staging --type=LoadBalancer --port=80 --target-port=8080 --namespace=staging;
service/webapp-staging exposed
--------------------------------------------------
[2025-03-14 14:38:22] [FAILED] Executed: kubectl rollout status deployment/webapp-staging --namespace=staging;
STDOUT: Waiting for deployment "webapp-staging" rollout to finish: 0 of 1 updated replicas are available...
STDERR: error: deployment "webapp-staging" exceeded its progress deadline
--------------------------------------------------
[2025-03-14 14:49:06] [FAILED] Executed: kubectl rollout restart deployment/webapp-staging --namespace=staging; kubectl rollout status deployment/webapp-staging --namespace=staging; kubectl expose deployment webapp-staging --type=LoadBalancer --port=80 --target-port=8080 --namespace=staging;
STDOUT: deployment.apps/webapp-staging restarted
Waiting for deployment "webapp-staging" rollout to finish: 1 old replicas are pending termination...
STDERR: error: deployment "webapp-staging" exceeded its progress deadline
Error from server (AlreadyExists): services "webapp-staging" already exists
--------------------------------------------------
[2025-03-14 16:10:22] [SUCCESS] Executed: kubectl create deployment my-deployment --image=my-image --replicas=3 --namespace=staging
deployment.apps/my-deployment created
--------------------------------------------------
