2025-03-14 09:46:41,652 - INFO - OPA decision for command 'kubectl get namespaces --output=jsonpath='{.items[?(@.status.phase=="Active")].metadata.name}'': {'allow': True, 'deny': ['No namespace provided in command. Defaulting to staging is required.']} | Reason: No namespace provided in command. Defaulting to staging is required.
2025-03-14 09:46:41,654 - INFO - OPA decision for command 'kubectl get namespaces --output=jsonpath='{.items[?(@.status.phase=="Active")].metadata.name}' --namespace=staging': {'allow': True, 'deny': []} | Reason: 
2025-03-14 09:50:28,846 - INFO - OPA decision for command 'kubectl top pods --namespace=default --sort-by=memory --limit=10': {'allow': True, 'deny': []} | Reason: 
2025-03-14 10:00:07,323 - INFO - OPA decision for command 'kubectl create deployment webapp --image=nginx --port=80 --dry-run=client -o yaml | kubectl apply -f -': {'allow': True, 'deny': ['No namespace provided in command. Defaulting to staging is required.']} | Reason: No namespace provided in command. Defaulting to staging is required.
2025-03-14 10:00:07,325 - INFO - OPA decision for command 'kubectl create deployment webapp --image=nginx --port=80 --dry-run=client -o yaml | kubectl apply -f - --namespace=staging': {'allow': True, 'deny': []} | Reason: 
2025-03-14 10:03:56,803 - INFO - OPA decision for command 'kubectl create deployment webapp --image=webapp:latest --namespace=staging --dry-run=client -o yaml | kubectl apply -f -': {'allow': True, 'deny': []} | Reason: 
2025-03-14 10:03:56,805 - INFO - OPA decision for command 'kubectl get pods --namespace=staging -l app=webapp -o jsonpath='{.items[0].status.podIP}'': {'allow': True, 'deny': []} | Reason: 
2025-03-14 10:03:56,807 - INFO - OPA decision for command 'kubectl port-forward pod/<pod-ip> 8080:80 --namespace=staging &': {'allow': True, 'deny': []} | Reason: 
2025-03-14 10:07:52,053 - INFO - OPA decision for command 'kubectl create deployment webapp --image=webapp:latest --namespace=staging --dry-run=client -o yaml | kubectl apply -f -': {'allow': True, 'deny': []} | Reason: 
2025-03-14 10:07:52,055 - INFO - OPA decision for command 'kubectl get pods --namespace=staging -l app=webapp -o jsonpath='{.items[0].status.podIP}'': {'allow': True, 'deny': []} | Reason: 
2025-03-14 10:07:52,057 - INFO - OPA decision for command 'kubectl port-forward pod/<pod-ip> 8080:80 --namespace=staging &': {'allow': True, 'deny': []} | Reason: 
2025-03-14 11:12:43,620 - INFO - OPA decision for command 'kubectl create namespace staging --dry-run=client -o yaml | kubectl apply -f -': {'allow': True, 'deny': ['No namespace provided in command. Defaulting to staging is required.']} | Reason: No namespace provided in command. Defaulting to staging is required.
2025-03-14 11:12:43,623 - INFO - OPA decision for command 'kubectl create namespace staging --dry-run=client -o yaml | kubectl apply -f - --namespace=staging': {'allow': True, 'deny': []} | Reason: 
2025-03-14 11:12:43,625 - INFO - OPA decision for command 'kubectl create configmap nginx-config --from-file=nginx.conf --namespace=staging --dry-run=client -o yaml | kubectl apply -f -': {'allow': True, 'deny': []} | Reason: 
2025-03-14 11:12:43,627 - INFO - OPA decision for command 'kubectl create secret generic nginx-secret --from-file': {'allow': True, 'deny': ['No namespace provided in command. Defaulting to staging is required.']} | Reason: No namespace provided in command. Defaulting to staging is required.
2025-03-14 11:12:43,630 - INFO - OPA decision for command 'kubectl create secret generic nginx-secret --from-file --namespace=staging': {'allow': True, 'deny': []} | Reason: 
2025-03-14 11:12:43,632 - INFO - OPA decision for command 'kubectl create deployment backend --image=nginx --replicas=3 --namespace=staging --dry-run=client -o yaml | kubectl apply -f -': {'allow': True, 'deny': []} | Reason: 
2025-03-14 14:20:20,329 - INFO - OPA decision for command 'kubectl get services': {'allow': True, 'deny': ['No namespace provided in command. Defaulting to staging is required.']} | Reason: No namespace provided in command. Defaulting to staging is required.
2025-03-14 14:20:20,334 - INFO - OPA decision for command 'kubectl get services --namespace=staging': {'allow': True, 'deny': []} | Reason: 
2025-03-14 14:24:59,684 - INFO - OPA decision for command 'kubectl create deployment backend --image=nginx --replicas=3 --namespace=staging --dry-run=client -o yaml | kubectl apply -f -': {'allow': True, 'deny': []} | Reason: 
2025-03-14 14:28:21,185 - INFO - OPA decision for command 'kubectl create deployment webapp-staging --image=webapp:latest --namespace=staging;': {'allow': True, 'deny': []} | Reason: 
2025-03-14 14:28:21,195 - INFO - OPA decision for command 'kubectl expose deployment webapp-staging --type=LoadBalancer --port=80 --target-port=8080 --namespace=staging;': {'allow': True, 'deny': []} | Reason: 
2025-03-14 14:28:21,205 - INFO - OPA decision for command 'kubectl rollout status deployment/webapp-staging --namespace=staging;': {'allow': True, 'deny': []} | Reason: 
2025-03-14 16:10:21,774 - INFO - OPA decision for command 'kubectl create deployment my-deployment --image=my-image --replicas=3': {'allow': True, 'deny': ['No namespace provided in command. Defaulting to staging is required.']} | Reason: No namespace provided in command. Defaulting to staging is required.
2025-03-14 16:10:21,794 - INFO - OPA decision for command 'kubectl create deployment my-deployment --image=my-image --replicas=3 --namespace=staging': {'allow': True, 'deny': []} | Reason: 
